#
# A fatal error has been detected by the Java Runtime Environment:
#
#  Internal Error (javaClasses.cpp:136), pid=33232, tid=32840
#  fatal error: Invalid layout of preloaded class
#
# JRE version:  (7.0_51-b13) (build )
# Java VM: Java HotSpot(TM) Client VM (24.51-b03 mixed mode windows-x86 )
# Failed to write core dump. Minidumps are not enabled by default on client versions of Windows
#
# If you would like to submit a bug report, please visit:
#   http://bugreport.sun.com/bugreport/crash.jsp
#

---------------  T H R E A D  ---------------

Current thread (0x00dbcc00):  JavaThread "Unknown thread" [_thread_in_vm, id=32840, stack(0x00dc0000,0x00e10000)]

Stack: [0x00dc0000,0x00e10000],  sp=0x00e0f640,  free space=317k
Native frames: (J=compiled Java code, j=interpreted, Vv=VM code, C=native code)
V  [jvm.dll+0x18e0f1]
V  [jvm.dll+0x187e66]
V  [jvm.dll+0x3586a]
V  [jvm.dll+0x358f6]
V  [jvm.dll+0x4400d]
V  [jvm.dll+0x442be]
V  [jvm.dll+0x9263a]
V  [jvm.dll+0x929eb]
V  [jvm.dll+0x13dc51]
V  [jvm.dll+0x16076c]
V  [jvm.dll+0xc8ebf]
C  [javaw.exe+0x13ce]
C  [javaw.exe+0x1e40]
C  [javaw.exe+0xa5b1]
C  [javaw.exe+0xa63b]
C  [KERNEL32.DLL+0x2850d]
C  [ntdll.dll+0x5bf39]
C  [ntdll.dll+0x5bf0c]


---------------  P R O C E S S  ---------------

Java Threads: ( => current thread )

Other Threads:

=>0x00dbcc00 (exited) JavaThread "Unknown thread" [_thread_in_vm, id=32840, stack(0x00dc0000,0x00e10000)]

VM state:not at safepoint (not fully initialized)

VM Mutex/Monitor currently owned by a thread: None

GC Heap History (0 events):
No events

Deoptimization events (0 events):
No events

Internal exceptions (0 events):
No events

Events (10 events):
Event: 0.219 loading class 0x00f3c8f8 done
Event: 0.219 loading class 0x00f3c388 done
Event: 0.219 loading class 0x00f3c368
Event: 0.220 loading class 0x00f43690
Event: 0.220 loading class 0x00f43690 done
Event: 0.220 loading class 0x00f436c0
Event: 0.220 loading class 0x00f436c0 done
Event: 0.220 loading class 0x00f436f0
Event: 0.221 loading class 0x00f436f0 done
Event: 0.221 loading class 0x00f3c368 done


Dynamic libraries:
0x01160000 - 0x0118f000 	C:\Program Files (x86)\Java\jre7\bin\javaw.exe
0x77770000 - 0x778c7000 	C:\Windows\SYSTEM32\ntdll.dll
0x74fc0000 - 0x750f0000 	C:\Windows\SYSTEM32\KERNEL32.DLL
0x769b0000 - 0x76a56000 	C:\Windows\SYSTEM32\KERNELBASE.dll
0x771c0000 - 0x7726e000 	C:\Windows\SYSTEM32\ADVAPI32.dll
0x75380000 - 0x75496000 	C:\Windows\SYSTEM32\USER32.dll
0x70bf0000 - 0x70de8000 	C:\Windows\WinSxS\x86_microsoft.windows.common-controls_6595b64144ccf1df_6.0.9200.16579_none_8937eec6860750f5\COMCTL32.dll
0x752b0000 - 0x75361000 	C:\Windows\SYSTEM32\msvcrt.dll
0x76c30000 - 0x76c64000 	C:\Windows\SYSTEM32\sechost.dll
0x76e30000 - 0x76edc000 	C:\Windows\SYSTEM32\RPCRT4.dll
0x76fb0000 - 0x770ad000 	C:\Windows\SYSTEM32\GDI32.dll
0x74da0000 - 0x74dbc000 	C:\Windows\SYSTEM32\SspiCli.dll
0x74d90000 - 0x74d99000 	C:\Windows\SYSTEM32\CRYPTBASE.dll
0x74d30000 - 0x74d81000 	C:\Windows\SYSTEM32\bcryptPrimitives.dll
0x74f50000 - 0x74f70000 	C:\Windows\system32\IMM32.DLL
0x775d0000 - 0x776ae000 	C:\Windows\SYSTEM32\MSCTF.dll
0x5b8b0000 - 0x5b96f000 	C:\Program Files (x86)\Java\jre7\bin\msvcr100.dll
0x5c360000 - 0x5c6e0000 	C:\Program Files (x86)\Java\jre7\bin\client\jvm.dll
0x74ab0000 - 0x74ab8000 	C:\Windows\SYSTEM32\WSOCK32.dll
0x725d0000 - 0x725f1000 	C:\Windows\SYSTEM32\WINMM.dll
0x75110000 - 0x75116000 	C:\Windows\SYSTEM32\PSAPI.DLL
0x75140000 - 0x75190000 	C:\Windows\SYSTEM32\WS2_32.dll
0x725a0000 - 0x725cb000 	C:\Windows\SYSTEM32\WINMMBASE.dll
0x75370000 - 0x75378000 	C:\Windows\SYSTEM32\NSI.dll
0x74f70000 - 0x74fb6000 	C:\Windows\SYSTEM32\cfgmgr32.dll
0x770b0000 - 0x770ce000 	C:\Windows\SYSTEM32\DEVOBJ.dll
0x71390000 - 0x7139c000 	C:\Program Files (x86)\Java\jre7\bin\verify.dll
0x66950000 - 0x66970000 	C:\Program Files (x86)\Java\jre7\bin\java.dll
0x5fda0000 - 0x5fdca000 	C:\Program Files (x86)\Java\jre7\bin\jdwp.dll
0x60550000 - 0x60557000 	C:\Program Files (x86)\Java\jre7\bin\npt.dll
0x66930000 - 0x66943000 	C:\Program Files (x86)\Java\jre7\bin\zip.dll
0x74900000 - 0x74a29000 	C:\Windows\SYSTEM32\dbghelp.dll

VM Arguments:
jvm_args: -agentlib:jdwp=transport=dt_socket,suspend=y,address=localhost:61689 -Dfile.encoding=Cp1252 -Xbootclasspath/p:C:\Users\Emi\Downloads\adt-bundle-windows-x86-20130522\adt-bundle-windows-x86-20130522\sdk\platforms\android-17\android.jar 
java_command: com.emer.vl.lovebarometer.screenshot
Launcher Type: SUN_STANDARD

Environment Variables:
CLASSPATH=.;C:\Program Files (x86)\Java\jre7\lib\ext\QTJava.zip
PATH=C:/Program Files (x86)/Java/jre7/bin/client;C:/Program Files (x86)/Java/jre7/bin;C:/Program Files (x86)/Java/jre7/lib/i386;C:\Program Files (x86)\Intel\iCLS Client\;C:\Program Files\Intel\iCLS Client\;C:\Program Files (x86)\AMD APP\bin\x86_64;C:\Program Files (x86)\AMD APP\bin\x86;C:\Windows\system32;C:\Windows;C:\Windows\System32\Wbem;C:\Windows\System32\WindowsPowerShell\v1.0\;C:\Program Files (x86)\ATI Technologies\ATI.ACE\Core-Static;C:\Program Files\Intel\Intel(R) Management Engine Components\DAL;C:\Program Files\Intel\Intel(R) Management Engine Components\IPT;C:\Program Files (x86)\Intel\Intel(R) Management Engine Components\DAL;C:\Program Files (x86)\Intel\Intel(R) Management Engine Components\IPT;C:\Program Files (x86)\Windows Live\Shared;C:\Program Files (x86)\MiKTeX 2.9\miktex\bin\;C:\Users\Emi\AppData\Local\Smartbar\Application\;C:\Users\Emi\AppData\Local\Smartbar\Application\;C:\Program Files (x86)\QuickTime\QTSystem\;C:\texlive\2012\bin\win32;C:\Users\Emi\Desktop\2013\July2013\Download\eclipse-standard-kepler-R-win32\eclipse;
USERNAME=Emi
OS=Windows_NT
PROCESSOR_IDENTIFIER=Intel64 Family 6 Model 42 Stepping 7, GenuineIntel



---------------  S Y S T E M  ---------------

OS: Windows 8 , 64 bit Build 9200 

CPU:total 4 (2 cores per cpu, 2 threads per core) family 6 model 42 stepping 7, cmov, cx8, fxsr, mmx, sse, sse2, sse3, ssse3, sse4.1, sse4.2, popcnt, avx, ht, tsc, tscinvbit

Memory: 4k page, physical 4088088k(991464k free), swap 5917088k(1258172k free)

vm_info: Java HotSpot(TM) Client VM (24.51-b03) for windows-x86 JRE (1.7.0_51-b13), built on Dec 18 2013 19:09:58 by "java_re" with unknown MS VC++:1600

time: Sat Feb 01 22:49:09 2014
elapsed time: 0 seconds

